<?xml version="1.0" encoding="UTF-8"?>
<testsuite name="CeaserCipher.CeaserCipherTest" tests="2" skipped="0" failures="0" errors="0" timestamp="2023-05-15T19:14:41" hostname="work" time="0.017">
  <properties/>
  <testcase name="rotateCharacter_ShiftsCharacterCorrectNumberofTimes_char" classname="CeaserCipher.CeaserCipherTest" time="0.003"/>
  <testcase name="rotateCharacter_ShiftsCharacterCorrectNumberofTimesAtEndOfAlphabet_char" classname="CeaserCipher.CeaserCipherTest" time="0.011"/>
  <system-out><![CDATA[]]></system-out>
  <system-err><![CDATA[]]></system-err>
</testsuite>
